<?xml version="1.0" encoding="UTF-8"?>
<!-- Generated by org.testng.reporters.JUnitXMLReporter -->
<testsuite hostname="Alvaro-PC" name="Command line test" tests="29" failures="0" timestamp="11 Apr 2017 17:20:42 GMT" time="2.641" errors="0">
  <testcase name="deleteEmployee" time="0.01" classname="com.alvaro.empleados.controller.AppControllerTest"/>
  <testcase name="editEmployee" time="0.027" classname="com.alvaro.empleados.controller.AppControllerTest"/>
  <testcase name="listEmployees" time="0.006" classname="com.alvaro.empleados.controller.AppControllerTest"/>
  <testcase name="newEmployee" time="0.001" classname="com.alvaro.empleados.controller.AppControllerTest"/>
  <testcase name="saveEmployeeWithSuccess" time="0.001" classname="com.alvaro.empleados.controller.AppControllerTest"/>
  <testcase name="saveEmployeeWithValidationError" time="0.001" classname="com.alvaro.empleados.controller.AppControllerTest"/>
  <testcase name="saveEmployeeWithValidationErrorNonUniqueSSN" time="0.001" classname="com.alvaro.empleados.controller.AppControllerTest"/>
  <testcase name="updateEmployeeWithSuccess" time="0.002" classname="com.alvaro.empleados.controller.AppControllerTest"/>
  <testcase name="updateEmployeeWithValidationError" time="0.0" classname="com.alvaro.empleados.controller.AppControllerTest"/>
  <testcase name="updateEmployeeWithValidationErrorNonUniqueSSN" time="0.0" classname="com.alvaro.empleados.controller.AppControllerTest"/>
  <testcase name="findAllClientes" time="0.076" classname="com.alvaro.empleados.dao.ClienteDaoImplTest"/>
  <testcase name="findById" time="0.009" classname="com.alvaro.empleados.dao.ClienteDaoImplTest"/>
  <testcase name="saveCliente" time="0.031" classname="com.alvaro.empleados.dao.ClienteDaoImplTest"/>
  <testcase name="deleteEmployeeByInvalidSsn" time="0.023" classname="com.alvaro.empleados.dao.EmployeeDaoImplTest"/>
  <testcase name="deleteEmployeeBySsn" time="0.002" classname="com.alvaro.empleados.dao.EmployeeDaoImplTest"/>
  <testcase name="findAllEmployees" time="0.002" classname="com.alvaro.empleados.dao.EmployeeDaoImplTest"/>
  <testcase name="findById" time="0.002" classname="com.alvaro.empleados.dao.EmployeeDaoImplTest"/>
  <testcase name="findEmployeeBySsn" time="0.006" classname="com.alvaro.empleados.dao.EmployeeDaoImplTest"/>
  <testcase name="saveEmployee" time="0.006" classname="com.alvaro.empleados.dao.EmployeeDaoImplTest"/>
  <testcase name="deleteEmployeeBySsn" time="0.0" classname="com.alvaro.empleados.service.EmployeeServiceImplTest"/>
  <testcase name="findAllEmployees" time="0.0" classname="com.alvaro.empleados.service.EmployeeServiceImplTest"/>
  <testcase name="findById" time="0.001" classname="com.alvaro.empleados.service.EmployeeServiceImplTest"/>
  <testcase name="findEmployeeBySsn" time="0.0" classname="com.alvaro.empleados.service.EmployeeServiceImplTest"/>
  <testcase name="isEmployeeSsnUnique" time="0.001" classname="com.alvaro.empleados.service.EmployeeServiceImplTest"/>
  <testcase name="saveEmployee" time="0.0" classname="com.alvaro.empleados.service.EmployeeServiceImplTest"/>
  <testcase name="updateEmployee" time="0.001" classname="com.alvaro.empleados.service.EmployeeServiceImplTest"/>
  <testcase name="findAllTrabajos" time="0.003" classname="com.alvaro.empleados.dao.TrabajoDaoImplTest"/>
  <testcase name="findById" time="0.001" classname="com.alvaro.empleados.dao.TrabajoDaoImplTest"/>
  <testcase name="saveTrabajo" time="0.004" classname="com.alvaro.empleados.dao.TrabajoDaoImplTest"/>
</testsuite> <!-- Command line test -->
