<?xml version="1.0" encoding="UTF-8"?>
<!-- Generated by org.testng.reporters.JUnitXMLReporter -->
<testsuite hostname="Alvaro-PC" name="Command line test" tests="23" failures="0" timestamp="2 Apr 2017 13:53:37 GMT" time="2.624" errors="0">
  <testcase name="deleteEmployee" time="0.012" classname="com.alvaro.empleados.controller.AppControllerTest"/>
  <testcase name="editEmployee" time="0.029" classname="com.alvaro.empleados.controller.AppControllerTest"/>
  <testcase name="listEmployees" time="0.007" classname="com.alvaro.empleados.controller.AppControllerTest"/>
  <testcase name="newEmployee" time="0.0" classname="com.alvaro.empleados.controller.AppControllerTest"/>
  <testcase name="saveEmployeeWithSuccess" time="0.001" classname="com.alvaro.empleados.controller.AppControllerTest"/>
  <testcase name="saveEmployeeWithValidationError" time="0.0" classname="com.alvaro.empleados.controller.AppControllerTest"/>
  <testcase name="saveEmployeeWithValidationErrorNonUniqueSSN" time="0.002" classname="com.alvaro.empleados.controller.AppControllerTest"/>
  <testcase name="updateEmployeeWithSuccess" time="0.001" classname="com.alvaro.empleados.controller.AppControllerTest"/>
  <testcase name="updateEmployeeWithValidationError" time="0.0" classname="com.alvaro.empleados.controller.AppControllerTest"/>
  <testcase name="updateEmployeeWithValidationErrorNonUniqueSSN" time="0.001" classname="com.alvaro.empleados.controller.AppControllerTest"/>
  <testcase name="deleteEmployeeByInvalidSsn" time="0.102" classname="com.alvaro.empleados.dao.EmployeeDaoImplTest"/>
  <testcase name="deleteEmployeeBySsn" time="0.003" classname="com.alvaro.empleados.dao.EmployeeDaoImplTest"/>
  <testcase name="findAllEmployees" time="0.002" classname="com.alvaro.empleados.dao.EmployeeDaoImplTest"/>
  <testcase name="findById" time="0.011" classname="com.alvaro.empleados.dao.EmployeeDaoImplTest"/>
  <testcase name="findEmployeeBySsn" time="0.012" classname="com.alvaro.empleados.dao.EmployeeDaoImplTest"/>
  <testcase name="saveEmployee" time="0.022" classname="com.alvaro.empleados.dao.EmployeeDaoImplTest"/>
  <testcase name="deleteEmployeeBySsn" time="0.0" classname="com.alvaro.empleados.service.EmployeeServiceImplTest"/>
  <testcase name="findAllEmployees" time="0.0" classname="com.alvaro.empleados.service.EmployeeServiceImplTest"/>
  <testcase name="findById" time="0.001" classname="com.alvaro.empleados.service.EmployeeServiceImplTest"/>
  <testcase name="findEmployeeBySsn" time="0.0" classname="com.alvaro.empleados.service.EmployeeServiceImplTest"/>
  <testcase name="isEmployeeSsnUnique" time="0.001" classname="com.alvaro.empleados.service.EmployeeServiceImplTest"/>
  <testcase name="saveEmployee" time="0.0" classname="com.alvaro.empleados.service.EmployeeServiceImplTest"/>
  <testcase name="updateEmployee" time="0.0" classname="com.alvaro.empleados.service.EmployeeServiceImplTest"/>
</testsuite> <!-- Command line test -->
