<?xml version="1.0" encoding="UTF-8"?>
<testng-results skipped="0" failed="0" total="29" passed="29">
  <reporter-output>
  </reporter-output>
  <suite name="Command line suite" duration-ms="2641" started-at="2017-04-11T17:20:40Z" finished-at="2017-04-11T17:20:42Z">
    <groups>
    </groups>
    <test name="Command line test" duration-ms="2641" started-at="2017-04-11T17:20:40Z" finished-at="2017-04-11T17:20:42Z">
      <class name="com.alvaro.empleados.controller.AppControllerTest">
        <test-method status="PASS" signature="setUp()[pri:0, instance:com.alvaro.empleados.controller.AppControllerTest@694e1548]" name="setUp" is-config="true" duration-ms="293" started-at="2017-04-11T19:20:40Z" finished-at="2017-04-11T19:20:40Z">
          <reporter-output>
          </reporter-output>
        </test-method> <!-- setUp -->
        <test-method status="PASS" signature="deleteEmployee()[pri:0, instance:com.alvaro.empleados.controller.AppControllerTest@694e1548]" name="deleteEmployee" duration-ms="10" started-at="2017-04-11T19:20:40Z" finished-at="2017-04-11T19:20:40Z">
          <reporter-output>
          </reporter-output>
        </test-method> <!-- deleteEmployee -->
        <test-method status="PASS" signature="editEmployee()[pri:0, instance:com.alvaro.empleados.controller.AppControllerTest@694e1548]" name="editEmployee" duration-ms="27" started-at="2017-04-11T19:20:40Z" finished-at="2017-04-11T19:20:40Z">
          <reporter-output>
          </reporter-output>
        </test-method> <!-- editEmployee -->
        <test-method status="PASS" signature="listEmployees()[pri:0, instance:com.alvaro.empleados.controller.AppControllerTest@694e1548]" name="listEmployees" duration-ms="6" started-at="2017-04-11T19:20:40Z" finished-at="2017-04-11T19:20:40Z">
          <reporter-output>
          </reporter-output>
        </test-method> <!-- listEmployees -->
        <test-method status="PASS" signature="newEmployee()[pri:0, instance:com.alvaro.empleados.controller.AppControllerTest@694e1548]" name="newEmployee" duration-ms="1" started-at="2017-04-11T19:20:40Z" finished-at="2017-04-11T19:20:40Z">
          <reporter-output>
          </reporter-output>
        </test-method> <!-- newEmployee -->
        <test-method status="PASS" signature="saveEmployeeWithSuccess()[pri:0, instance:com.alvaro.empleados.controller.AppControllerTest@694e1548]" name="saveEmployeeWithSuccess" duration-ms="1" started-at="2017-04-11T19:20:40Z" finished-at="2017-04-11T19:20:40Z">
          <reporter-output>
          </reporter-output>
        </test-method> <!-- saveEmployeeWithSuccess -->
        <test-method status="PASS" signature="saveEmployeeWithValidationError()[pri:0, instance:com.alvaro.empleados.controller.AppControllerTest@694e1548]" name="saveEmployeeWithValidationError" duration-ms="1" started-at="2017-04-11T19:20:40Z" finished-at="2017-04-11T19:20:40Z">
          <reporter-output>
          </reporter-output>
        </test-method> <!-- saveEmployeeWithValidationError -->
        <test-method status="PASS" signature="saveEmployeeWithValidationErrorNonUniqueSSN()[pri:0, instance:com.alvaro.empleados.controller.AppControllerTest@694e1548]" name="saveEmployeeWithValidationErrorNonUniqueSSN" duration-ms="1" started-at="2017-04-11T19:20:40Z" finished-at="2017-04-11T19:20:40Z">
          <reporter-output>
          </reporter-output>
        </test-method> <!-- saveEmployeeWithValidationErrorNonUniqueSSN -->
        <test-method status="PASS" signature="updateEmployeeWithSuccess()[pri:0, instance:com.alvaro.empleados.controller.AppControllerTest@694e1548]" name="updateEmployeeWithSuccess" duration-ms="2" started-at="2017-04-11T19:20:40Z" finished-at="2017-04-11T19:20:40Z">
          <reporter-output>
          </reporter-output>
        </test-method> <!-- updateEmployeeWithSuccess -->
        <test-method status="PASS" signature="updateEmployeeWithValidationError()[pri:0, instance:com.alvaro.empleados.controller.AppControllerTest@694e1548]" name="updateEmployeeWithValidationError" duration-ms="0" started-at="2017-04-11T19:20:40Z" finished-at="2017-04-11T19:20:40Z">
          <reporter-output>
          </reporter-output>
        </test-method> <!-- updateEmployeeWithValidationError -->
        <test-method status="PASS" signature="updateEmployeeWithValidationErrorNonUniqueSSN()[pri:0, instance:com.alvaro.empleados.controller.AppControllerTest@694e1548]" name="updateEmployeeWithValidationErrorNonUniqueSSN" duration-ms="0" started-at="2017-04-11T19:20:40Z" finished-at="2017-04-11T19:20:40Z">
          <reporter-output>
          </reporter-output>
        </test-method> <!-- updateEmployeeWithValidationErrorNonUniqueSSN -->
      </class> <!-- com.alvaro.empleados.controller.AppControllerTest -->
      <class name="com.alvaro.empleados.dao.TrabajoDaoImplTest">
        <test-method status="PASS" signature="springTestContextBeforeTestClass()[pri:0, instance:com.alvaro.empleados.dao.TrabajoDaoImplTest@1e965684]" name="springTestContextBeforeTestClass" is-config="true" duration-ms="0" started-at="2017-04-11T19:20:42Z" finished-at="2017-04-11T19:20:42Z">
          <reporter-output>
          </reporter-output>
        </test-method> <!-- springTestContextBeforeTestClass -->
        <test-method status="PASS" signature="springTestContextPrepareTestInstance()[pri:0, instance:com.alvaro.empleados.dao.TrabajoDaoImplTest@1e965684]" name="springTestContextPrepareTestInstance" is-config="true" duration-ms="4" started-at="2017-04-11T19:20:42Z" depends-on-methods="org.springframework.test.context.testng.AbstractTestNGSpringContextTests.springTestContextBeforeTestClass" finished-at="2017-04-11T19:20:42Z">
          <reporter-output>
          </reporter-output>
        </test-method> <!-- springTestContextPrepareTestInstance -->
        <test-method status="PASS" signature="springTestContextBeforeTestMethod(java.lang.reflect.Method)[pri:0, instance:com.alvaro.empleados.dao.TrabajoDaoImplTest@1e965684]" name="springTestContextBeforeTestMethod" is-config="true" duration-ms="2" started-at="2017-04-11T19:20:42Z" finished-at="2017-04-11T19:20:42Z">
          <params>
            <param index="0">
              <value>
                <![CDATA[public void com.alvaro.empleados.dao.TrabajoDaoImplTest.findAllTrabajos()]]>
              </value>
            </param>
          </params>
          <reporter-output>
          </reporter-output>
        </test-method> <!-- springTestContextBeforeTestMethod -->
        <test-method status="PASS" signature="setUp()[pri:0, instance:com.alvaro.empleados.dao.TrabajoDaoImplTest@1e965684]" name="setUp" is-config="true" duration-ms="7" started-at="2017-04-11T19:20:42Z" finished-at="2017-04-11T19:20:42Z">
          <reporter-output>
          </reporter-output>
        </test-method> <!-- setUp -->
        <test-method status="PASS" signature="findAllTrabajos()[pri:0, instance:com.alvaro.empleados.dao.TrabajoDaoImplTest@1e965684]" name="findAllTrabajos" duration-ms="3" started-at="2017-04-11T19:20:42Z" finished-at="2017-04-11T19:20:42Z">
          <reporter-output>
          </reporter-output>
        </test-method> <!-- findAllTrabajos -->
        <test-method status="PASS" signature="springTestContextAfterTestMethod(java.lang.reflect.Method)[pri:0, instance:com.alvaro.empleados.dao.TrabajoDaoImplTest@1e965684]" name="springTestContextAfterTestMethod" is-config="true" duration-ms="1" started-at="2017-04-11T19:20:42Z" finished-at="2017-04-11T19:20:42Z">
          <params>
            <param index="0">
              <value>
                <![CDATA[public void com.alvaro.empleados.dao.TrabajoDaoImplTest.findAllTrabajos()]]>
              </value>
            </param>
          </params>
          <reporter-output>
          </reporter-output>
        </test-method> <!-- springTestContextAfterTestMethod -->
        <test-method status="PASS" signature="springTestContextBeforeTestMethod(java.lang.reflect.Method)[pri:0, instance:com.alvaro.empleados.dao.TrabajoDaoImplTest@1e965684]" name="springTestContextBeforeTestMethod" is-config="true" duration-ms="3" started-at="2017-04-11T19:20:42Z" finished-at="2017-04-11T19:20:42Z">
          <params>
            <param index="0">
              <value>
                <![CDATA[public void com.alvaro.empleados.dao.TrabajoDaoImplTest.findById()]]>
              </value>
            </param>
          </params>
          <reporter-output>
          </reporter-output>
        </test-method> <!-- springTestContextBeforeTestMethod -->
        <test-method status="PASS" signature="setUp()[pri:0, instance:com.alvaro.empleados.dao.TrabajoDaoImplTest@1e965684]" name="setUp" is-config="true" duration-ms="8" started-at="2017-04-11T19:20:42Z" finished-at="2017-04-11T19:20:42Z">
          <reporter-output>
          </reporter-output>
        </test-method> <!-- setUp -->
        <test-method status="PASS" signature="findById()[pri:0, instance:com.alvaro.empleados.dao.TrabajoDaoImplTest@1e965684]" name="findById" duration-ms="1" started-at="2017-04-11T19:20:42Z" finished-at="2017-04-11T19:20:42Z">
          <reporter-output>
          </reporter-output>
        </test-method> <!-- findById -->
        <test-method status="PASS" signature="springTestContextAfterTestMethod(java.lang.reflect.Method)[pri:0, instance:com.alvaro.empleados.dao.TrabajoDaoImplTest@1e965684]" name="springTestContextAfterTestMethod" is-config="true" duration-ms="2" started-at="2017-04-11T19:20:42Z" finished-at="2017-04-11T19:20:42Z">
          <params>
            <param index="0">
              <value>
                <![CDATA[public void com.alvaro.empleados.dao.TrabajoDaoImplTest.findById()]]>
              </value>
            </param>
          </params>
          <reporter-output>
          </reporter-output>
        </test-method> <!-- springTestContextAfterTestMethod -->
        <test-method status="PASS" signature="springTestContextBeforeTestMethod(java.lang.reflect.Method)[pri:0, instance:com.alvaro.empleados.dao.TrabajoDaoImplTest@1e965684]" name="springTestContextBeforeTestMethod" is-config="true" duration-ms="2" started-at="2017-04-11T19:20:42Z" finished-at="2017-04-11T19:20:42Z">
          <params>
            <param index="0">
              <value>
                <![CDATA[public void com.alvaro.empleados.dao.TrabajoDaoImplTest.saveTrabajo()]]>
              </value>
            </param>
          </params>
          <reporter-output>
          </reporter-output>
        </test-method> <!-- springTestContextBeforeTestMethod -->
        <test-method status="PASS" signature="setUp()[pri:0, instance:com.alvaro.empleados.dao.TrabajoDaoImplTest@1e965684]" name="setUp" is-config="true" duration-ms="6" started-at="2017-04-11T19:20:42Z" finished-at="2017-04-11T19:20:42Z">
          <reporter-output>
          </reporter-output>
        </test-method> <!-- setUp -->
        <test-method status="PASS" signature="saveTrabajo()[pri:0, instance:com.alvaro.empleados.dao.TrabajoDaoImplTest@1e965684]" name="saveTrabajo" duration-ms="4" started-at="2017-04-11T19:20:42Z" finished-at="2017-04-11T19:20:42Z">
          <reporter-output>
          </reporter-output>
        </test-method> <!-- saveTrabajo -->
        <test-method status="PASS" signature="springTestContextAfterTestMethod(java.lang.reflect.Method)[pri:0, instance:com.alvaro.empleados.dao.TrabajoDaoImplTest@1e965684]" name="springTestContextAfterTestMethod" is-config="true" duration-ms="1" started-at="2017-04-11T19:20:42Z" finished-at="2017-04-11T19:20:42Z">
          <params>
            <param index="0">
              <value>
                <![CDATA[public void com.alvaro.empleados.dao.TrabajoDaoImplTest.saveTrabajo()]]>
              </value>
            </param>
          </params>
          <reporter-output>
          </reporter-output>
        </test-method> <!-- springTestContextAfterTestMethod -->
        <test-method status="PASS" signature="springTestContextAfterTestClass()[pri:0, instance:com.alvaro.empleados.dao.TrabajoDaoImplTest@1e965684]" name="springTestContextAfterTestClass" is-config="true" duration-ms="0" started-at="2017-04-11T19:20:42Z" finished-at="2017-04-11T19:20:42Z">
          <reporter-output>
          </reporter-output>
        </test-method> <!-- springTestContextAfterTestClass -->
      </class> <!-- com.alvaro.empleados.dao.TrabajoDaoImplTest -->
      <class name="com.alvaro.empleados.service.EmployeeServiceImplTest">
        <test-method status="PASS" signature="setUp()[pri:0, instance:com.alvaro.empleados.service.EmployeeServiceImplTest@27a5f880]" name="setUp" is-config="true" duration-ms="6" started-at="2017-04-11T19:20:42Z" finished-at="2017-04-11T19:20:42Z">
          <reporter-output>
          </reporter-output>
        </test-method> <!-- setUp -->
        <test-method status="PASS" signature="deleteEmployeeBySsn()[pri:0, instance:com.alvaro.empleados.service.EmployeeServiceImplTest@27a5f880]" name="deleteEmployeeBySsn" duration-ms="0" started-at="2017-04-11T19:20:42Z" finished-at="2017-04-11T19:20:42Z">
          <reporter-output>
          </reporter-output>
        </test-method> <!-- deleteEmployeeBySsn -->
        <test-method status="PASS" signature="findById()[pri:0, instance:com.alvaro.empleados.service.EmployeeServiceImplTest@27a5f880]" name="findById" duration-ms="1" started-at="2017-04-11T19:20:42Z" finished-at="2017-04-11T19:20:42Z">
          <reporter-output>
          </reporter-output>
        </test-method> <!-- findById -->
        <test-method status="PASS" signature="findAllEmployees()[pri:0, instance:com.alvaro.empleados.service.EmployeeServiceImplTest@27a5f880]" name="findAllEmployees" duration-ms="0" started-at="2017-04-11T19:20:42Z" finished-at="2017-04-11T19:20:42Z">
          <reporter-output>
          </reporter-output>
        </test-method> <!-- findAllEmployees -->
        <test-method status="PASS" signature="findEmployeeBySsn()[pri:0, instance:com.alvaro.empleados.service.EmployeeServiceImplTest@27a5f880]" name="findEmployeeBySsn" duration-ms="0" started-at="2017-04-11T19:20:42Z" finished-at="2017-04-11T19:20:42Z">
          <reporter-output>
          </reporter-output>
        </test-method> <!-- findEmployeeBySsn -->
        <test-method status="PASS" signature="isEmployeeSsnUnique()[pri:0, instance:com.alvaro.empleados.service.EmployeeServiceImplTest@27a5f880]" name="isEmployeeSsnUnique" duration-ms="1" started-at="2017-04-11T19:20:42Z" finished-at="2017-04-11T19:20:42Z">
          <reporter-output>
          </reporter-output>
        </test-method> <!-- isEmployeeSsnUnique -->
        <test-method status="PASS" signature="saveEmployee()[pri:0, instance:com.alvaro.empleados.service.EmployeeServiceImplTest@27a5f880]" name="saveEmployee" duration-ms="0" started-at="2017-04-11T19:20:42Z" finished-at="2017-04-11T19:20:42Z">
          <reporter-output>
          </reporter-output>
        </test-method> <!-- saveEmployee -->
        <test-method status="PASS" signature="updateEmployee()[pri:0, instance:com.alvaro.empleados.service.EmployeeServiceImplTest@27a5f880]" name="updateEmployee" duration-ms="1" started-at="2017-04-11T19:20:42Z" finished-at="2017-04-11T19:20:42Z">
          <reporter-output>
          </reporter-output>
        </test-method> <!-- updateEmployee -->
      </class> <!-- com.alvaro.empleados.service.EmployeeServiceImplTest -->
      <class name="com.alvaro.empleados.dao.ClienteDaoImplTest">
        <test-method status="PASS" signature="springTestContextBeforeTestClass()[pri:0, instance:com.alvaro.empleados.dao.ClienteDaoImplTest@1d29cf23]" name="springTestContextBeforeTestClass" is-config="true" duration-ms="1" started-at="2017-04-11T19:20:40Z" finished-at="2017-04-11T19:20:40Z">
          <reporter-output>
          </reporter-output>
        </test-method> <!-- springTestContextBeforeTestClass -->
        <test-method status="PASS" signature="springTestContextPrepareTestInstance()[pri:0, instance:com.alvaro.empleados.dao.ClienteDaoImplTest@1d29cf23]" name="springTestContextPrepareTestInstance" is-config="true" duration-ms="1760" started-at="2017-04-11T19:20:40Z" depends-on-methods="org.springframework.test.context.testng.AbstractTestNGSpringContextTests.springTestContextBeforeTestClass" finished-at="2017-04-11T19:20:42Z">
          <reporter-output>
          </reporter-output>
        </test-method> <!-- springTestContextPrepareTestInstance -->
        <test-method status="PASS" signature="springTestContextBeforeTestMethod(java.lang.reflect.Method)[pri:0, instance:com.alvaro.empleados.dao.ClienteDaoImplTest@1d29cf23]" name="springTestContextBeforeTestMethod" is-config="true" duration-ms="59" started-at="2017-04-11T19:20:42Z" finished-at="2017-04-11T19:20:42Z">
          <params>
            <param index="0">
              <value>
                <![CDATA[public void com.alvaro.empleados.dao.ClienteDaoImplTest.findAllClientes()]]>
              </value>
            </param>
          </params>
          <reporter-output>
          </reporter-output>
        </test-method> <!-- springTestContextBeforeTestMethod -->
        <test-method status="PASS" signature="setUp()[pri:0, instance:com.alvaro.empleados.dao.ClienteDaoImplTest@1d29cf23]" name="setUp" is-config="true" duration-ms="145" started-at="2017-04-11T19:20:42Z" finished-at="2017-04-11T19:20:42Z">
          <reporter-output>
          </reporter-output>
        </test-method> <!-- setUp -->
        <test-method status="PASS" signature="findAllClientes()[pri:0, instance:com.alvaro.empleados.dao.ClienteDaoImplTest@1d29cf23]" name="findAllClientes" duration-ms="76" started-at="2017-04-11T19:20:42Z" finished-at="2017-04-11T19:20:42Z">
          <reporter-output>
          </reporter-output>
        </test-method> <!-- findAllClientes -->
        <test-method status="PASS" signature="springTestContextAfterTestMethod(java.lang.reflect.Method)[pri:0, instance:com.alvaro.empleados.dao.ClienteDaoImplTest@1d29cf23]" name="springTestContextAfterTestMethod" is-config="true" duration-ms="6" started-at="2017-04-11T19:20:42Z" finished-at="2017-04-11T19:20:42Z">
          <params>
            <param index="0">
              <value>
                <![CDATA[public void com.alvaro.empleados.dao.ClienteDaoImplTest.findAllClientes()]]>
              </value>
            </param>
          </params>
          <reporter-output>
          </reporter-output>
        </test-method> <!-- springTestContextAfterTestMethod -->
        <test-method status="PASS" signature="springTestContextBeforeTestMethod(java.lang.reflect.Method)[pri:0, instance:com.alvaro.empleados.dao.ClienteDaoImplTest@1d29cf23]" name="springTestContextBeforeTestMethod" is-config="true" duration-ms="2" started-at="2017-04-11T19:20:42Z" finished-at="2017-04-11T19:20:42Z">
          <params>
            <param index="0">
              <value>
                <![CDATA[public void com.alvaro.empleados.dao.ClienteDaoImplTest.findById()]]>
              </value>
            </param>
          </params>
          <reporter-output>
          </reporter-output>
        </test-method> <!-- springTestContextBeforeTestMethod -->
        <test-method status="PASS" signature="setUp()[pri:0, instance:com.alvaro.empleados.dao.ClienteDaoImplTest@1d29cf23]" name="setUp" is-config="true" duration-ms="8" started-at="2017-04-11T19:20:42Z" finished-at="2017-04-11T19:20:42Z">
          <reporter-output>
          </reporter-output>
        </test-method> <!-- setUp -->
        <test-method status="PASS" signature="findById()[pri:0, instance:com.alvaro.empleados.dao.ClienteDaoImplTest@1d29cf23]" name="findById" duration-ms="9" started-at="2017-04-11T19:20:42Z" finished-at="2017-04-11T19:20:42Z">
          <reporter-output>
          </reporter-output>
        </test-method> <!-- findById -->
        <test-method status="PASS" signature="springTestContextAfterTestMethod(java.lang.reflect.Method)[pri:0, instance:com.alvaro.empleados.dao.ClienteDaoImplTest@1d29cf23]" name="springTestContextAfterTestMethod" is-config="true" duration-ms="2" started-at="2017-04-11T19:20:42Z" finished-at="2017-04-11T19:20:42Z">
          <params>
            <param index="0">
              <value>
                <![CDATA[public void com.alvaro.empleados.dao.ClienteDaoImplTest.findById()]]>
              </value>
            </param>
          </params>
          <reporter-output>
          </reporter-output>
        </test-method> <!-- springTestContextAfterTestMethod -->
        <test-method status="PASS" signature="springTestContextBeforeTestMethod(java.lang.reflect.Method)[pri:0, instance:com.alvaro.empleados.dao.ClienteDaoImplTest@1d29cf23]" name="springTestContextBeforeTestMethod" is-config="true" duration-ms="2" started-at="2017-04-11T19:20:42Z" finished-at="2017-04-11T19:20:42Z">
          <params>
            <param index="0">
              <value>
                <![CDATA[public void com.alvaro.empleados.dao.ClienteDaoImplTest.saveCliente()]]>
              </value>
            </param>
          </params>
          <reporter-output>
          </reporter-output>
        </test-method> <!-- springTestContextBeforeTestMethod -->
        <test-method status="PASS" signature="setUp()[pri:0, instance:com.alvaro.empleados.dao.ClienteDaoImplTest@1d29cf23]" name="setUp" is-config="true" duration-ms="8" started-at="2017-04-11T19:20:42Z" finished-at="2017-04-11T19:20:42Z">
          <reporter-output>
          </reporter-output>
        </test-method> <!-- setUp -->
        <test-method status="PASS" signature="saveCliente()[pri:0, instance:com.alvaro.empleados.dao.ClienteDaoImplTest@1d29cf23]" name="saveCliente" duration-ms="31" started-at="2017-04-11T19:20:42Z" finished-at="2017-04-11T19:20:42Z">
          <reporter-output>
          </reporter-output>
        </test-method> <!-- saveCliente -->
        <test-method status="PASS" signature="springTestContextAfterTestMethod(java.lang.reflect.Method)[pri:0, instance:com.alvaro.empleados.dao.ClienteDaoImplTest@1d29cf23]" name="springTestContextAfterTestMethod" is-config="true" duration-ms="2" started-at="2017-04-11T19:20:42Z" finished-at="2017-04-11T19:20:42Z">
          <params>
            <param index="0">
              <value>
                <![CDATA[public void com.alvaro.empleados.dao.ClienteDaoImplTest.saveCliente()]]>
              </value>
            </param>
          </params>
          <reporter-output>
          </reporter-output>
        </test-method> <!-- springTestContextAfterTestMethod -->
        <test-method status="PASS" signature="springTestContextAfterTestClass()[pri:0, instance:com.alvaro.empleados.dao.ClienteDaoImplTest@1d29cf23]" name="springTestContextAfterTestClass" is-config="true" duration-ms="0" started-at="2017-04-11T19:20:42Z" finished-at="2017-04-11T19:20:42Z">
          <reporter-output>
          </reporter-output>
        </test-method> <!-- springTestContextAfterTestClass -->
      </class> <!-- com.alvaro.empleados.dao.ClienteDaoImplTest -->
      <class name="com.alvaro.empleados.dao.EmployeeDaoImplTest">
        <test-method status="PASS" signature="springTestContextPrepareTestInstance()[pri:0, instance:com.alvaro.empleados.dao.EmployeeDaoImplTest@5a1c0542]" name="springTestContextPrepareTestInstance" is-config="true" duration-ms="3" started-at="2017-04-11T19:20:42Z" depends-on-methods="org.springframework.test.context.testng.AbstractTestNGSpringContextTests.springTestContextBeforeTestClass" finished-at="2017-04-11T19:20:42Z">
          <reporter-output>
          </reporter-output>
        </test-method> <!-- springTestContextPrepareTestInstance -->
        <test-method status="PASS" signature="springTestContextBeforeTestClass()[pri:0, instance:com.alvaro.empleados.dao.EmployeeDaoImplTest@5a1c0542]" name="springTestContextBeforeTestClass" is-config="true" duration-ms="0" started-at="2017-04-11T19:20:42Z" finished-at="2017-04-11T19:20:42Z">
          <reporter-output>
          </reporter-output>
        </test-method> <!-- springTestContextBeforeTestClass -->
        <test-method status="PASS" signature="springTestContextBeforeTestMethod(java.lang.reflect.Method)[pri:0, instance:com.alvaro.empleados.dao.EmployeeDaoImplTest@5a1c0542]" name="springTestContextBeforeTestMethod" is-config="true" duration-ms="3" started-at="2017-04-11T19:20:42Z" finished-at="2017-04-11T19:20:42Z">
          <params>
            <param index="0">
              <value>
                <![CDATA[public void com.alvaro.empleados.dao.EmployeeDaoImplTest.deleteEmployeeByInvalidSsn()]]>
              </value>
            </param>
          </params>
          <reporter-output>
          </reporter-output>
        </test-method> <!-- springTestContextBeforeTestMethod -->
        <test-method status="PASS" signature="setUp()[pri:0, instance:com.alvaro.empleados.dao.EmployeeDaoImplTest@5a1c0542]" name="setUp" is-config="true" duration-ms="9" started-at="2017-04-11T19:20:42Z" finished-at="2017-04-11T19:20:42Z">
          <reporter-output>
          </reporter-output>
        </test-method> <!-- setUp -->
        <test-method status="PASS" signature="deleteEmployeeByInvalidSsn()[pri:0, instance:com.alvaro.empleados.dao.EmployeeDaoImplTest@5a1c0542]" name="deleteEmployeeByInvalidSsn" duration-ms="23" started-at="2017-04-11T19:20:42Z" finished-at="2017-04-11T19:20:42Z">
          <reporter-output>
          </reporter-output>
        </test-method> <!-- deleteEmployeeByInvalidSsn -->
        <test-method status="PASS" signature="springTestContextAfterTestMethod(java.lang.reflect.Method)[pri:0, instance:com.alvaro.empleados.dao.EmployeeDaoImplTest@5a1c0542]" name="springTestContextAfterTestMethod" is-config="true" duration-ms="1" started-at="2017-04-11T19:20:42Z" finished-at="2017-04-11T19:20:42Z">
          <params>
            <param index="0">
              <value>
                <![CDATA[public void com.alvaro.empleados.dao.EmployeeDaoImplTest.deleteEmployeeByInvalidSsn()]]>
              </value>
            </param>
          </params>
          <reporter-output>
          </reporter-output>
        </test-method> <!-- springTestContextAfterTestMethod -->
        <test-method status="PASS" signature="springTestContextBeforeTestMethod(java.lang.reflect.Method)[pri:0, instance:com.alvaro.empleados.dao.EmployeeDaoImplTest@5a1c0542]" name="springTestContextBeforeTestMethod" is-config="true" duration-ms="2" started-at="2017-04-11T19:20:42Z" finished-at="2017-04-11T19:20:42Z">
          <params>
            <param index="0">
              <value>
                <![CDATA[public void com.alvaro.empleados.dao.EmployeeDaoImplTest.deleteEmployeeBySsn()]]>
              </value>
            </param>
          </params>
          <reporter-output>
          </reporter-output>
        </test-method> <!-- springTestContextBeforeTestMethod -->
        <test-method status="PASS" signature="setUp()[pri:0, instance:com.alvaro.empleados.dao.EmployeeDaoImplTest@5a1c0542]" name="setUp" is-config="true" duration-ms="8" started-at="2017-04-11T19:20:42Z" finished-at="2017-04-11T19:20:42Z">
          <reporter-output>
          </reporter-output>
        </test-method> <!-- setUp -->
        <test-method status="PASS" signature="deleteEmployeeBySsn()[pri:0, instance:com.alvaro.empleados.dao.EmployeeDaoImplTest@5a1c0542]" name="deleteEmployeeBySsn" duration-ms="2" started-at="2017-04-11T19:20:42Z" finished-at="2017-04-11T19:20:42Z">
          <reporter-output>
          </reporter-output>
        </test-method> <!-- deleteEmployeeBySsn -->
        <test-method status="PASS" signature="springTestContextAfterTestMethod(java.lang.reflect.Method)[pri:0, instance:com.alvaro.empleados.dao.EmployeeDaoImplTest@5a1c0542]" name="springTestContextAfterTestMethod" is-config="true" duration-ms="1" started-at="2017-04-11T19:20:42Z" finished-at="2017-04-11T19:20:42Z">
          <params>
            <param index="0">
              <value>
                <![CDATA[public void com.alvaro.empleados.dao.EmployeeDaoImplTest.deleteEmployeeBySsn()]]>
              </value>
            </param>
          </params>
          <reporter-output>
          </reporter-output>
        </test-method> <!-- springTestContextAfterTestMethod -->
        <test-method status="PASS" signature="springTestContextBeforeTestMethod(java.lang.reflect.Method)[pri:0, instance:com.alvaro.empleados.dao.EmployeeDaoImplTest@5a1c0542]" name="springTestContextBeforeTestMethod" is-config="true" duration-ms="3" started-at="2017-04-11T19:20:42Z" finished-at="2017-04-11T19:20:42Z">
          <params>
            <param index="0">
              <value>
                <![CDATA[public void com.alvaro.empleados.dao.EmployeeDaoImplTest.findAllEmployees()]]>
              </value>
            </param>
          </params>
          <reporter-output>
          </reporter-output>
        </test-method> <!-- springTestContextBeforeTestMethod -->
        <test-method status="PASS" signature="setUp()[pri:0, instance:com.alvaro.empleados.dao.EmployeeDaoImplTest@5a1c0542]" name="setUp" is-config="true" duration-ms="7" started-at="2017-04-11T19:20:42Z" finished-at="2017-04-11T19:20:42Z">
          <reporter-output>
          </reporter-output>
        </test-method> <!-- setUp -->
        <test-method status="PASS" signature="findAllEmployees()[pri:0, instance:com.alvaro.empleados.dao.EmployeeDaoImplTest@5a1c0542]" name="findAllEmployees" duration-ms="2" started-at="2017-04-11T19:20:42Z" finished-at="2017-04-11T19:20:42Z">
          <reporter-output>
          </reporter-output>
        </test-method> <!-- findAllEmployees -->
        <test-method status="PASS" signature="springTestContextAfterTestMethod(java.lang.reflect.Method)[pri:0, instance:com.alvaro.empleados.dao.EmployeeDaoImplTest@5a1c0542]" name="springTestContextAfterTestMethod" is-config="true" duration-ms="1" started-at="2017-04-11T19:20:42Z" finished-at="2017-04-11T19:20:42Z">
          <params>
            <param index="0">
              <value>
                <![CDATA[public void com.alvaro.empleados.dao.EmployeeDaoImplTest.findAllEmployees()]]>
              </value>
            </param>
          </params>
          <reporter-output>
          </reporter-output>
        </test-method> <!-- springTestContextAfterTestMethod -->
        <test-method status="PASS" signature="springTestContextBeforeTestMethod(java.lang.reflect.Method)[pri:0, instance:com.alvaro.empleados.dao.EmployeeDaoImplTest@5a1c0542]" name="springTestContextBeforeTestMethod" is-config="true" duration-ms="2" started-at="2017-04-11T19:20:42Z" finished-at="2017-04-11T19:20:42Z">
          <params>
            <param index="0">
              <value>
                <![CDATA[public void com.alvaro.empleados.dao.EmployeeDaoImplTest.findById()]]>
              </value>
            </param>
          </params>
          <reporter-output>
          </reporter-output>
        </test-method> <!-- springTestContextBeforeTestMethod -->
        <test-method status="PASS" signature="setUp()[pri:0, instance:com.alvaro.empleados.dao.EmployeeDaoImplTest@5a1c0542]" name="setUp" is-config="true" duration-ms="7" started-at="2017-04-11T19:20:42Z" finished-at="2017-04-11T19:20:42Z">
          <reporter-output>
          </reporter-output>
        </test-method> <!-- setUp -->
        <test-method status="PASS" signature="findById()[pri:0, instance:com.alvaro.empleados.dao.EmployeeDaoImplTest@5a1c0542]" name="findById" duration-ms="2" started-at="2017-04-11T19:20:42Z" finished-at="2017-04-11T19:20:42Z">
          <reporter-output>
          </reporter-output>
        </test-method> <!-- findById -->
        <test-method status="PASS" signature="springTestContextAfterTestMethod(java.lang.reflect.Method)[pri:0, instance:com.alvaro.empleados.dao.EmployeeDaoImplTest@5a1c0542]" name="springTestContextAfterTestMethod" is-config="true" duration-ms="1" started-at="2017-04-11T19:20:42Z" finished-at="2017-04-11T19:20:42Z">
          <params>
            <param index="0">
              <value>
                <![CDATA[public void com.alvaro.empleados.dao.EmployeeDaoImplTest.findById()]]>
              </value>
            </param>
          </params>
          <reporter-output>
          </reporter-output>
        </test-method> <!-- springTestContextAfterTestMethod -->
        <test-method status="PASS" signature="springTestContextBeforeTestMethod(java.lang.reflect.Method)[pri:0, instance:com.alvaro.empleados.dao.EmployeeDaoImplTest@5a1c0542]" name="springTestContextBeforeTestMethod" is-config="true" duration-ms="3" started-at="2017-04-11T19:20:42Z" finished-at="2017-04-11T19:20:42Z">
          <params>
            <param index="0">
              <value>
                <![CDATA[public void com.alvaro.empleados.dao.EmployeeDaoImplTest.findEmployeeBySsn()]]>
              </value>
            </param>
          </params>
          <reporter-output>
          </reporter-output>
        </test-method> <!-- springTestContextBeforeTestMethod -->
        <test-method status="PASS" signature="setUp()[pri:0, instance:com.alvaro.empleados.dao.EmployeeDaoImplTest@5a1c0542]" name="setUp" is-config="true" duration-ms="9" started-at="2017-04-11T19:20:42Z" finished-at="2017-04-11T19:20:42Z">
          <reporter-output>
          </reporter-output>
        </test-method> <!-- setUp -->
        <test-method status="PASS" signature="findEmployeeBySsn()[pri:0, instance:com.alvaro.empleados.dao.EmployeeDaoImplTest@5a1c0542]" name="findEmployeeBySsn" duration-ms="6" started-at="2017-04-11T19:20:42Z" finished-at="2017-04-11T19:20:42Z">
          <reporter-output>
          </reporter-output>
        </test-method> <!-- findEmployeeBySsn -->
        <test-method status="PASS" signature="springTestContextAfterTestMethod(java.lang.reflect.Method)[pri:0, instance:com.alvaro.empleados.dao.EmployeeDaoImplTest@5a1c0542]" name="springTestContextAfterTestMethod" is-config="true" duration-ms="2" started-at="2017-04-11T19:20:42Z" finished-at="2017-04-11T19:20:42Z">
          <params>
            <param index="0">
              <value>
                <![CDATA[public void com.alvaro.empleados.dao.EmployeeDaoImplTest.findEmployeeBySsn()]]>
              </value>
            </param>
          </params>
          <reporter-output>
          </reporter-output>
        </test-method> <!-- springTestContextAfterTestMethod -->
        <test-method status="PASS" signature="springTestContextBeforeTestMethod(java.lang.reflect.Method)[pri:0, instance:com.alvaro.empleados.dao.EmployeeDaoImplTest@5a1c0542]" name="springTestContextBeforeTestMethod" is-config="true" duration-ms="3" started-at="2017-04-11T19:20:42Z" finished-at="2017-04-11T19:20:42Z">
          <params>
            <param index="0">
              <value>
                <![CDATA[public void com.alvaro.empleados.dao.EmployeeDaoImplTest.saveEmployee()]]>
              </value>
            </param>
          </params>
          <reporter-output>
          </reporter-output>
        </test-method> <!-- springTestContextBeforeTestMethod -->
        <test-method status="PASS" signature="setUp()[pri:0, instance:com.alvaro.empleados.dao.EmployeeDaoImplTest@5a1c0542]" name="setUp" is-config="true" duration-ms="9" started-at="2017-04-11T19:20:42Z" finished-at="2017-04-11T19:20:42Z">
          <reporter-output>
          </reporter-output>
        </test-method> <!-- setUp -->
        <test-method status="PASS" signature="saveEmployee()[pri:0, instance:com.alvaro.empleados.dao.EmployeeDaoImplTest@5a1c0542]" name="saveEmployee" duration-ms="6" started-at="2017-04-11T19:20:42Z" finished-at="2017-04-11T19:20:42Z">
          <reporter-output>
          </reporter-output>
        </test-method> <!-- saveEmployee -->
        <test-method status="PASS" signature="springTestContextAfterTestMethod(java.lang.reflect.Method)[pri:0, instance:com.alvaro.empleados.dao.EmployeeDaoImplTest@5a1c0542]" name="springTestContextAfterTestMethod" is-config="true" duration-ms="2" started-at="2017-04-11T19:20:42Z" finished-at="2017-04-11T19:20:42Z">
          <params>
            <param index="0">
              <value>
                <![CDATA[public void com.alvaro.empleados.dao.EmployeeDaoImplTest.saveEmployee()]]>
              </value>
            </param>
          </params>
          <reporter-output>
          </reporter-output>
        </test-method> <!-- springTestContextAfterTestMethod -->
        <test-method status="PASS" signature="springTestContextAfterTestClass()[pri:0, instance:com.alvaro.empleados.dao.EmployeeDaoImplTest@5a1c0542]" name="springTestContextAfterTestClass" is-config="true" duration-ms="0" started-at="2017-04-11T19:20:42Z" finished-at="2017-04-11T19:20:42Z">
          <reporter-output>
          </reporter-output>
        </test-method> <!-- springTestContextAfterTestClass -->
      </class> <!-- com.alvaro.empleados.dao.EmployeeDaoImplTest -->
    </test> <!-- Command line test -->
  </suite> <!-- Command line suite -->
</testng-results>
