<?xml version="1.0" encoding="UTF-8"?>
<testng-results skipped="0" failed="0" total="23" passed="23">
  <reporter-output>
  </reporter-output>
  <suite name="Command line suite" duration-ms="2624" started-at="2017-04-02T13:53:35Z" finished-at="2017-04-02T13:53:37Z">
    <groups>
    </groups>
    <test name="Command line test" duration-ms="2624" started-at="2017-04-02T13:53:35Z" finished-at="2017-04-02T13:53:37Z">
      <class name="com.alvaro.empleados.controller.AppControllerTest">
        <test-method status="PASS" signature="setUp()[pri:0, instance:com.alvaro.empleados.controller.AppControllerTest@1e6d1014]" name="setUp" is-config="true" duration-ms="310" started-at="2017-04-02T15:53:35Z" finished-at="2017-04-02T15:53:35Z">
          <reporter-output>
          </reporter-output>
        </test-method> <!-- setUp -->
        <test-method status="PASS" signature="deleteEmployee()[pri:0, instance:com.alvaro.empleados.controller.AppControllerTest@1e6d1014]" name="deleteEmployee" duration-ms="12" started-at="2017-04-02T15:53:35Z" finished-at="2017-04-02T15:53:35Z">
          <reporter-output>
          </reporter-output>
        </test-method> <!-- deleteEmployee -->
        <test-method status="PASS" signature="editEmployee()[pri:0, instance:com.alvaro.empleados.controller.AppControllerTest@1e6d1014]" name="editEmployee" duration-ms="29" started-at="2017-04-02T15:53:35Z" finished-at="2017-04-02T15:53:35Z">
          <reporter-output>
          </reporter-output>
        </test-method> <!-- editEmployee -->
        <test-method status="PASS" signature="listEmployees()[pri:0, instance:com.alvaro.empleados.controller.AppControllerTest@1e6d1014]" name="listEmployees" duration-ms="7" started-at="2017-04-02T15:53:35Z" finished-at="2017-04-02T15:53:35Z">
          <reporter-output>
          </reporter-output>
        </test-method> <!-- listEmployees -->
        <test-method status="PASS" signature="saveEmployeeWithSuccess()[pri:0, instance:com.alvaro.empleados.controller.AppControllerTest@1e6d1014]" name="saveEmployeeWithSuccess" duration-ms="1" started-at="2017-04-02T15:53:35Z" finished-at="2017-04-02T15:53:35Z">
          <reporter-output>
          </reporter-output>
        </test-method> <!-- saveEmployeeWithSuccess -->
        <test-method status="PASS" signature="newEmployee()[pri:0, instance:com.alvaro.empleados.controller.AppControllerTest@1e6d1014]" name="newEmployee" duration-ms="0" started-at="2017-04-02T15:53:35Z" finished-at="2017-04-02T15:53:35Z">
          <reporter-output>
          </reporter-output>
        </test-method> <!-- newEmployee -->
        <test-method status="PASS" signature="saveEmployeeWithValidationError()[pri:0, instance:com.alvaro.empleados.controller.AppControllerTest@1e6d1014]" name="saveEmployeeWithValidationError" duration-ms="0" started-at="2017-04-02T15:53:35Z" finished-at="2017-04-02T15:53:35Z">
          <reporter-output>
          </reporter-output>
        </test-method> <!-- saveEmployeeWithValidationError -->
        <test-method status="PASS" signature="saveEmployeeWithValidationErrorNonUniqueSSN()[pri:0, instance:com.alvaro.empleados.controller.AppControllerTest@1e6d1014]" name="saveEmployeeWithValidationErrorNonUniqueSSN" duration-ms="2" started-at="2017-04-02T15:53:35Z" finished-at="2017-04-02T15:53:35Z">
          <reporter-output>
          </reporter-output>
        </test-method> <!-- saveEmployeeWithValidationErrorNonUniqueSSN -->
        <test-method status="PASS" signature="updateEmployeeWithSuccess()[pri:0, instance:com.alvaro.empleados.controller.AppControllerTest@1e6d1014]" name="updateEmployeeWithSuccess" duration-ms="1" started-at="2017-04-02T15:53:35Z" finished-at="2017-04-02T15:53:35Z">
          <reporter-output>
          </reporter-output>
        </test-method> <!-- updateEmployeeWithSuccess -->
        <test-method status="PASS" signature="updateEmployeeWithValidationErrorNonUniqueSSN()[pri:0, instance:com.alvaro.empleados.controller.AppControllerTest@1e6d1014]" name="updateEmployeeWithValidationErrorNonUniqueSSN" duration-ms="1" started-at="2017-04-02T15:53:35Z" finished-at="2017-04-02T15:53:35Z">
          <reporter-output>
          </reporter-output>
        </test-method> <!-- updateEmployeeWithValidationErrorNonUniqueSSN -->
        <test-method status="PASS" signature="updateEmployeeWithValidationError()[pri:0, instance:com.alvaro.empleados.controller.AppControllerTest@1e6d1014]" name="updateEmployeeWithValidationError" duration-ms="0" started-at="2017-04-02T15:53:35Z" finished-at="2017-04-02T15:53:35Z">
          <reporter-output>
          </reporter-output>
        </test-method> <!-- updateEmployeeWithValidationError -->
      </class> <!-- com.alvaro.empleados.controller.AppControllerTest -->
      <class name="com.alvaro.empleados.service.EmployeeServiceImplTest">
        <test-method status="PASS" signature="setUp()[pri:0, instance:com.alvaro.empleados.service.EmployeeServiceImplTest@1f7030a6]" name="setUp" is-config="true" duration-ms="6" started-at="2017-04-02T15:53:37Z" finished-at="2017-04-02T15:53:37Z">
          <reporter-output>
          </reporter-output>
        </test-method> <!-- setUp -->
        <test-method status="PASS" signature="deleteEmployeeBySsn()[pri:0, instance:com.alvaro.empleados.service.EmployeeServiceImplTest@1f7030a6]" name="deleteEmployeeBySsn" duration-ms="0" started-at="2017-04-02T15:53:37Z" finished-at="2017-04-02T15:53:37Z">
          <reporter-output>
          </reporter-output>
        </test-method> <!-- deleteEmployeeBySsn -->
        <test-method status="PASS" signature="findById()[pri:0, instance:com.alvaro.empleados.service.EmployeeServiceImplTest@1f7030a6]" name="findById" duration-ms="1" started-at="2017-04-02T15:53:37Z" finished-at="2017-04-02T15:53:37Z">
          <reporter-output>
          </reporter-output>
        </test-method> <!-- findById -->
        <test-method status="PASS" signature="findAllEmployees()[pri:0, instance:com.alvaro.empleados.service.EmployeeServiceImplTest@1f7030a6]" name="findAllEmployees" duration-ms="0" started-at="2017-04-02T15:53:37Z" finished-at="2017-04-02T15:53:37Z">
          <reporter-output>
          </reporter-output>
        </test-method> <!-- findAllEmployees -->
        <test-method status="PASS" signature="findEmployeeBySsn()[pri:0, instance:com.alvaro.empleados.service.EmployeeServiceImplTest@1f7030a6]" name="findEmployeeBySsn" duration-ms="0" started-at="2017-04-02T15:53:37Z" finished-at="2017-04-02T15:53:37Z">
          <reporter-output>
          </reporter-output>
        </test-method> <!-- findEmployeeBySsn -->
        <test-method status="PASS" signature="isEmployeeSsnUnique()[pri:0, instance:com.alvaro.empleados.service.EmployeeServiceImplTest@1f7030a6]" name="isEmployeeSsnUnique" duration-ms="1" started-at="2017-04-02T15:53:37Z" finished-at="2017-04-02T15:53:37Z">
          <reporter-output>
          </reporter-output>
        </test-method> <!-- isEmployeeSsnUnique -->
        <test-method status="PASS" signature="saveEmployee()[pri:0, instance:com.alvaro.empleados.service.EmployeeServiceImplTest@1f7030a6]" name="saveEmployee" duration-ms="0" started-at="2017-04-02T15:53:37Z" finished-at="2017-04-02T15:53:37Z">
          <reporter-output>
          </reporter-output>
        </test-method> <!-- saveEmployee -->
        <test-method status="PASS" signature="updateEmployee()[pri:0, instance:com.alvaro.empleados.service.EmployeeServiceImplTest@1f7030a6]" name="updateEmployee" duration-ms="0" started-at="2017-04-02T15:53:37Z" finished-at="2017-04-02T15:53:37Z">
          <reporter-output>
          </reporter-output>
        </test-method> <!-- updateEmployee -->
      </class> <!-- com.alvaro.empleados.service.EmployeeServiceImplTest -->
      <class name="com.alvaro.empleados.dao.EmployeeDaoImplTest">
        <test-method status="PASS" signature="springTestContextBeforeTestClass()[pri:0, instance:com.alvaro.empleados.dao.EmployeeDaoImplTest@6895a785]" name="springTestContextBeforeTestClass" is-config="true" duration-ms="0" started-at="2017-04-02T15:53:35Z" finished-at="2017-04-02T15:53:35Z">
          <reporter-output>
          </reporter-output>
        </test-method> <!-- springTestContextBeforeTestClass -->
        <test-method status="PASS" signature="springTestContextPrepareTestInstance()[pri:0, instance:com.alvaro.empleados.dao.EmployeeDaoImplTest@6895a785]" name="springTestContextPrepareTestInstance" is-config="true" duration-ms="1789" started-at="2017-04-02T15:53:35Z" depends-on-methods="org.springframework.test.context.testng.AbstractTestNGSpringContextTests.springTestContextBeforeTestClass" finished-at="2017-04-02T15:53:37Z">
          <reporter-output>
          </reporter-output>
        </test-method> <!-- springTestContextPrepareTestInstance -->
        <test-method status="PASS" signature="springTestContextBeforeTestMethod(java.lang.reflect.Method)[pri:0, instance:com.alvaro.empleados.dao.EmployeeDaoImplTest@6895a785]" name="springTestContextBeforeTestMethod" is-config="true" duration-ms="66" started-at="2017-04-02T15:53:37Z" finished-at="2017-04-02T15:53:37Z">
          <params>
            <param index="0">
              <value>
                <![CDATA[public void com.alvaro.empleados.dao.EmployeeDaoImplTest.deleteEmployeeByInvalidSsn()]]>
              </value>
            </param>
          </params>
          <reporter-output>
          </reporter-output>
        </test-method> <!-- springTestContextBeforeTestMethod -->
        <test-method status="PASS" signature="setUp()[pri:0, instance:com.alvaro.empleados.dao.EmployeeDaoImplTest@6895a785]" name="setUp" is-config="true" duration-ms="163" started-at="2017-04-02T15:53:37Z" finished-at="2017-04-02T15:53:37Z">
          <reporter-output>
          </reporter-output>
        </test-method> <!-- setUp -->
        <test-method status="PASS" signature="deleteEmployeeByInvalidSsn()[pri:0, instance:com.alvaro.empleados.dao.EmployeeDaoImplTest@6895a785]" name="deleteEmployeeByInvalidSsn" duration-ms="102" started-at="2017-04-02T15:53:37Z" finished-at="2017-04-02T15:53:37Z">
          <reporter-output>
          </reporter-output>
        </test-method> <!-- deleteEmployeeByInvalidSsn -->
        <test-method status="PASS" signature="springTestContextAfterTestMethod(java.lang.reflect.Method)[pri:0, instance:com.alvaro.empleados.dao.EmployeeDaoImplTest@6895a785]" name="springTestContextAfterTestMethod" is-config="true" duration-ms="6" started-at="2017-04-02T15:53:37Z" finished-at="2017-04-02T15:53:37Z">
          <params>
            <param index="0">
              <value>
                <![CDATA[public void com.alvaro.empleados.dao.EmployeeDaoImplTest.deleteEmployeeByInvalidSsn()]]>
              </value>
            </param>
          </params>
          <reporter-output>
          </reporter-output>
        </test-method> <!-- springTestContextAfterTestMethod -->
        <test-method status="PASS" signature="springTestContextBeforeTestMethod(java.lang.reflect.Method)[pri:0, instance:com.alvaro.empleados.dao.EmployeeDaoImplTest@6895a785]" name="springTestContextBeforeTestMethod" is-config="true" duration-ms="1" started-at="2017-04-02T15:53:37Z" finished-at="2017-04-02T15:53:37Z">
          <params>
            <param index="0">
              <value>
                <![CDATA[public void com.alvaro.empleados.dao.EmployeeDaoImplTest.deleteEmployeeBySsn()]]>
              </value>
            </param>
          </params>
          <reporter-output>
          </reporter-output>
        </test-method> <!-- springTestContextBeforeTestMethod -->
        <test-method status="PASS" signature="setUp()[pri:0, instance:com.alvaro.empleados.dao.EmployeeDaoImplTest@6895a785]" name="setUp" is-config="true" duration-ms="9" started-at="2017-04-02T15:53:37Z" finished-at="2017-04-02T15:53:37Z">
          <reporter-output>
          </reporter-output>
        </test-method> <!-- setUp -->
        <test-method status="PASS" signature="deleteEmployeeBySsn()[pri:0, instance:com.alvaro.empleados.dao.EmployeeDaoImplTest@6895a785]" name="deleteEmployeeBySsn" duration-ms="3" started-at="2017-04-02T15:53:37Z" finished-at="2017-04-02T15:53:37Z">
          <reporter-output>
          </reporter-output>
        </test-method> <!-- deleteEmployeeBySsn -->
        <test-method status="PASS" signature="springTestContextAfterTestMethod(java.lang.reflect.Method)[pri:0, instance:com.alvaro.empleados.dao.EmployeeDaoImplTest@6895a785]" name="springTestContextAfterTestMethod" is-config="true" duration-ms="3" started-at="2017-04-02T15:53:37Z" finished-at="2017-04-02T15:53:37Z">
          <params>
            <param index="0">
              <value>
                <![CDATA[public void com.alvaro.empleados.dao.EmployeeDaoImplTest.deleteEmployeeBySsn()]]>
              </value>
            </param>
          </params>
          <reporter-output>
          </reporter-output>
        </test-method> <!-- springTestContextAfterTestMethod -->
        <test-method status="PASS" signature="springTestContextBeforeTestMethod(java.lang.reflect.Method)[pri:0, instance:com.alvaro.empleados.dao.EmployeeDaoImplTest@6895a785]" name="springTestContextBeforeTestMethod" is-config="true" duration-ms="2" started-at="2017-04-02T15:53:37Z" finished-at="2017-04-02T15:53:37Z">
          <params>
            <param index="0">
              <value>
                <![CDATA[public void com.alvaro.empleados.dao.EmployeeDaoImplTest.findAllEmployees()]]>
              </value>
            </param>
          </params>
          <reporter-output>
          </reporter-output>
        </test-method> <!-- springTestContextBeforeTestMethod -->
        <test-method status="PASS" signature="setUp()[pri:0, instance:com.alvaro.empleados.dao.EmployeeDaoImplTest@6895a785]" name="setUp" is-config="true" duration-ms="9" started-at="2017-04-02T15:53:37Z" finished-at="2017-04-02T15:53:37Z">
          <reporter-output>
          </reporter-output>
        </test-method> <!-- setUp -->
        <test-method status="PASS" signature="findAllEmployees()[pri:0, instance:com.alvaro.empleados.dao.EmployeeDaoImplTest@6895a785]" name="findAllEmployees" duration-ms="2" started-at="2017-04-02T15:53:37Z" finished-at="2017-04-02T15:53:37Z">
          <reporter-output>
          </reporter-output>
        </test-method> <!-- findAllEmployees -->
        <test-method status="PASS" signature="springTestContextAfterTestMethod(java.lang.reflect.Method)[pri:0, instance:com.alvaro.empleados.dao.EmployeeDaoImplTest@6895a785]" name="springTestContextAfterTestMethod" is-config="true" duration-ms="1" started-at="2017-04-02T15:53:37Z" finished-at="2017-04-02T15:53:37Z">
          <params>
            <param index="0">
              <value>
                <![CDATA[public void com.alvaro.empleados.dao.EmployeeDaoImplTest.findAllEmployees()]]>
              </value>
            </param>
          </params>
          <reporter-output>
          </reporter-output>
        </test-method> <!-- springTestContextAfterTestMethod -->
        <test-method status="PASS" signature="springTestContextBeforeTestMethod(java.lang.reflect.Method)[pri:0, instance:com.alvaro.empleados.dao.EmployeeDaoImplTest@6895a785]" name="springTestContextBeforeTestMethod" is-config="true" duration-ms="1" started-at="2017-04-02T15:53:37Z" finished-at="2017-04-02T15:53:37Z">
          <params>
            <param index="0">
              <value>
                <![CDATA[public void com.alvaro.empleados.dao.EmployeeDaoImplTest.findById()]]>
              </value>
            </param>
          </params>
          <reporter-output>
          </reporter-output>
        </test-method> <!-- springTestContextBeforeTestMethod -->
        <test-method status="PASS" signature="setUp()[pri:0, instance:com.alvaro.empleados.dao.EmployeeDaoImplTest@6895a785]" name="setUp" is-config="true" duration-ms="9" started-at="2017-04-02T15:53:37Z" finished-at="2017-04-02T15:53:37Z">
          <reporter-output>
          </reporter-output>
        </test-method> <!-- setUp -->
        <test-method status="PASS" signature="findById()[pri:0, instance:com.alvaro.empleados.dao.EmployeeDaoImplTest@6895a785]" name="findById" duration-ms="11" started-at="2017-04-02T15:53:37Z" finished-at="2017-04-02T15:53:37Z">
          <reporter-output>
          </reporter-output>
        </test-method> <!-- findById -->
        <test-method status="PASS" signature="springTestContextAfterTestMethod(java.lang.reflect.Method)[pri:0, instance:com.alvaro.empleados.dao.EmployeeDaoImplTest@6895a785]" name="springTestContextAfterTestMethod" is-config="true" duration-ms="2" started-at="2017-04-02T15:53:37Z" finished-at="2017-04-02T15:53:37Z">
          <params>
            <param index="0">
              <value>
                <![CDATA[public void com.alvaro.empleados.dao.EmployeeDaoImplTest.findById()]]>
              </value>
            </param>
          </params>
          <reporter-output>
          </reporter-output>
        </test-method> <!-- springTestContextAfterTestMethod -->
        <test-method status="PASS" signature="springTestContextBeforeTestMethod(java.lang.reflect.Method)[pri:0, instance:com.alvaro.empleados.dao.EmployeeDaoImplTest@6895a785]" name="springTestContextBeforeTestMethod" is-config="true" duration-ms="2" started-at="2017-04-02T15:53:37Z" finished-at="2017-04-02T15:53:37Z">
          <params>
            <param index="0">
              <value>
                <![CDATA[public void com.alvaro.empleados.dao.EmployeeDaoImplTest.findEmployeeBySsn()]]>
              </value>
            </param>
          </params>
          <reporter-output>
          </reporter-output>
        </test-method> <!-- springTestContextBeforeTestMethod -->
        <test-method status="PASS" signature="setUp()[pri:0, instance:com.alvaro.empleados.dao.EmployeeDaoImplTest@6895a785]" name="setUp" is-config="true" duration-ms="8" started-at="2017-04-02T15:53:37Z" finished-at="2017-04-02T15:53:37Z">
          <reporter-output>
          </reporter-output>
        </test-method> <!-- setUp -->
        <test-method status="PASS" signature="findEmployeeBySsn()[pri:0, instance:com.alvaro.empleados.dao.EmployeeDaoImplTest@6895a785]" name="findEmployeeBySsn" duration-ms="12" started-at="2017-04-02T15:53:37Z" finished-at="2017-04-02T15:53:37Z">
          <reporter-output>
          </reporter-output>
        </test-method> <!-- findEmployeeBySsn -->
        <test-method status="PASS" signature="springTestContextAfterTestMethod(java.lang.reflect.Method)[pri:0, instance:com.alvaro.empleados.dao.EmployeeDaoImplTest@6895a785]" name="springTestContextAfterTestMethod" is-config="true" duration-ms="1" started-at="2017-04-02T15:53:37Z" finished-at="2017-04-02T15:53:37Z">
          <params>
            <param index="0">
              <value>
                <![CDATA[public void com.alvaro.empleados.dao.EmployeeDaoImplTest.findEmployeeBySsn()]]>
              </value>
            </param>
          </params>
          <reporter-output>
          </reporter-output>
        </test-method> <!-- springTestContextAfterTestMethod -->
        <test-method status="PASS" signature="springTestContextBeforeTestMethod(java.lang.reflect.Method)[pri:0, instance:com.alvaro.empleados.dao.EmployeeDaoImplTest@6895a785]" name="springTestContextBeforeTestMethod" is-config="true" duration-ms="2" started-at="2017-04-02T15:53:37Z" finished-at="2017-04-02T15:53:37Z">
          <params>
            <param index="0">
              <value>
                <![CDATA[public void com.alvaro.empleados.dao.EmployeeDaoImplTest.saveEmployee()]]>
              </value>
            </param>
          </params>
          <reporter-output>
          </reporter-output>
        </test-method> <!-- springTestContextBeforeTestMethod -->
        <test-method status="PASS" signature="setUp()[pri:0, instance:com.alvaro.empleados.dao.EmployeeDaoImplTest@6895a785]" name="setUp" is-config="true" duration-ms="8" started-at="2017-04-02T15:53:37Z" finished-at="2017-04-02T15:53:37Z">
          <reporter-output>
          </reporter-output>
        </test-method> <!-- setUp -->
        <test-method status="PASS" signature="saveEmployee()[pri:0, instance:com.alvaro.empleados.dao.EmployeeDaoImplTest@6895a785]" name="saveEmployee" duration-ms="22" started-at="2017-04-02T15:53:37Z" finished-at="2017-04-02T15:53:37Z">
          <reporter-output>
          </reporter-output>
        </test-method> <!-- saveEmployee -->
        <test-method status="PASS" signature="springTestContextAfterTestMethod(java.lang.reflect.Method)[pri:0, instance:com.alvaro.empleados.dao.EmployeeDaoImplTest@6895a785]" name="springTestContextAfterTestMethod" is-config="true" duration-ms="2" started-at="2017-04-02T15:53:37Z" finished-at="2017-04-02T15:53:37Z">
          <params>
            <param index="0">
              <value>
                <![CDATA[public void com.alvaro.empleados.dao.EmployeeDaoImplTest.saveEmployee()]]>
              </value>
            </param>
          </params>
          <reporter-output>
          </reporter-output>
        </test-method> <!-- springTestContextAfterTestMethod -->
        <test-method status="PASS" signature="springTestContextAfterTestClass()[pri:0, instance:com.alvaro.empleados.dao.EmployeeDaoImplTest@6895a785]" name="springTestContextAfterTestClass" is-config="true" duration-ms="0" started-at="2017-04-02T15:53:37Z" finished-at="2017-04-02T15:53:37Z">
          <reporter-output>
          </reporter-output>
        </test-method> <!-- springTestContextAfterTestClass -->
      </class> <!-- com.alvaro.empleados.dao.EmployeeDaoImplTest -->
    </test> <!-- Command line test -->
  </suite> <!-- Command line suite -->
</testng-results>
